c:\users\quinn.mosher\documents\github\mathlib\mathlib-lib\mathlib-lib\debug\vc120.pdb
c:\users\quinn.mosher\documents\github\mathlib\mathlib-lib\mathlib-lib\debug\vc120.idb
c:\users\quinn.mosher\documents\github\mathlib\mathlib-lib\mathlib-lib\debug\general.nativecodeanalysis.xml
c:\users\quinn.mosher\documents\github\mathlib\mathlib-lib\mathlib-lib\debug\matrix3.nativecodeanalysis.xml
c:\users\quinn.mosher\documents\github\mathlib\mathlib-lib\mathlib-lib\debug\matrix4.nativecodeanalysis.xml
c:\users\quinn.mosher\documents\github\mathlib\mathlib-lib\mathlib-lib\debug\vector2.nativecodeanalysis.xml
c:\users\quinn.mosher\documents\github\mathlib\mathlib-lib\mathlib-lib\debug\vector3.nativecodeanalysis.xml
c:\users\quinn.mosher\documents\github\mathlib\mathlib-lib\mathlib-lib\debug\vector4.nativecodeanalysis.xml
c:\users\quinn.mosher\documents\github\mathlib\mathlib-lib\mathlib-lib\debug\vector4.obj
c:\users\quinn.mosher\documents\github\mathlib\mathlib-lib\mathlib-lib\debug\vector3.obj
c:\users\quinn.mosher\documents\github\mathlib\mathlib-lib\mathlib-lib\debug\vector2.obj
c:\users\quinn.mosher\documents\github\mathlib\mathlib-lib\mathlib-lib\debug\matrix4.obj
c:\users\quinn.mosher\documents\github\mathlib\mathlib-lib\mathlib-lib\debug\matrix3.obj
c:\users\quinn.mosher\documents\github\mathlib\mathlib-lib\mathlib-lib\debug\general.obj
c:\users\quinn.mosher\documents\github\mathlib\mathlib-lib\debug\mathlib-lib.lib
c:\users\quinn.mosher\documents\github\mathlib\mathlib-lib\mathlib-lib\debug\nativecodeanalysis.read.1.tlog
c:\users\quinn.mosher\documents\github\mathlib\mathlib-lib\mathlib-lib\debug\vc.nativecodeanalysis.all.xml
c:\users\quinn.mosher\documents\github\mathlib\mathlib-lib\debug\mathlib-lib.lib.lastcodeanalysissucceeded
c:\users\quinn.mosher\documents\github\mathlib\mathlib-lib\mathlib-lib\debug\mathlib-lib.tlog\cl.command.1.tlog
c:\users\quinn.mosher\documents\github\mathlib\mathlib-lib\mathlib-lib\debug\mathlib-lib.tlog\cl.read.1.tlog
c:\users\quinn.mosher\documents\github\mathlib\mathlib-lib\mathlib-lib\debug\mathlib-lib.tlog\cl.write.1.tlog
c:\users\quinn.mosher\documents\github\mathlib\mathlib-lib\mathlib-lib\debug\mathlib-lib.tlog\lib-link.read.1.tlog
c:\users\quinn.mosher\documents\github\mathlib\mathlib-lib\mathlib-lib\debug\mathlib-lib.tlog\lib-link.write.1.tlog
c:\users\quinn.mosher\documents\github\mathlib\mathlib-lib\mathlib-lib\debug\mathlib-lib.tlog\lib.command.1.tlog
