c:\users\quinn.mosher\documents\github\mathlib\quinq\quinq\debug\vc120.pdb
c:\users\quinn.mosher\documents\github\mathlib\quinq\quinq\debug\vc120.idb
c:\users\quinn.mosher\documents\github\mathlib\quinq\quinq\debug\general.obj
c:\users\quinn.mosher\documents\github\mathlib\quinq\quinq\debug\matrix3.obj
c:\users\quinn.mosher\documents\github\mathlib\quinq\quinq\debug\matrix4.obj
c:\users\quinn.mosher\documents\github\mathlib\quinq\quinq\debug\vector2.obj
c:\users\quinn.mosher\documents\github\mathlib\quinq\quinq\debug\vector3.obj
c:\users\quinn.mosher\documents\github\mathlib\quinq\quinq\debug\vector4.obj
c:\users\quinn.mosher\documents\github\mathlib\quinq\debug\quinq.ilk
c:\users\quinn.mosher\documents\github\mathlib\quinq\debug\quinq.dll
c:\users\quinn.mosher\documents\github\mathlib\quinq\debug\quinq.pdb
c:\users\quinn.mosher\documents\github\mathlib\quinq\debug\quinq.lib
c:\users\quinn.mosher\documents\github\mathlib\quinq\debug\quinq.exp
c:\users\quinn.mosher\documents\github\mathlib\quinq\quinq\debug\quinq.tlog\cl.command.1.tlog
c:\users\quinn.mosher\documents\github\mathlib\quinq\quinq\debug\quinq.tlog\cl.read.1.tlog
c:\users\quinn.mosher\documents\github\mathlib\quinq\quinq\debug\quinq.tlog\cl.write.1.tlog
c:\users\quinn.mosher\documents\github\mathlib\quinq\quinq\debug\quinq.tlog\link.command.1.tlog
c:\users\quinn.mosher\documents\github\mathlib\quinq\quinq\debug\quinq.tlog\link.read.1.tlog
c:\users\quinn.mosher\documents\github\mathlib\quinq\quinq\debug\quinq.tlog\link.write.1.tlog
c:\users\quinn.mosher\documents\github\mathlib\quinq\quinq\debug\quinq.tlog\quinq.write.1u.tlog
