Build started 12/2/2014 4:04:59 PM.
     1>Project "C:\Users\quinn.mosher\Documents\GitHub\mathLib\mathLib-Dll\mathLib-Dll\mathLib-Dll.vcxproj" on node 2 (Build target(s)).
     1>ClCompile:
         C:\Program Files (x86)\Microsoft Visual Studio 12.0\VC\bin\CL.exe /c /Zi /nologo /W3 /WX- /sdl /O2 /Oi /Oy- /GL /D _MBCS /Gm- /EHsc /MD /GS /Gy /fp:precise /Zc:wchar_t /Zc:forScope /Fo"Release\\" /Fd"Release\vc120.pdb" /Gd /TP /analyze- /errorReport:prompt source\General.cpp source\Matrix3.cpp source\Matrix4.cpp source\Vector2.cpp source\Vector3.cpp source\Vector4.cpp
         General.cpp
     1>c:\users\quinn.mosher\documents\github\mathlib\mathlib-dll\mathlib-dll\source\General.h(22): warning C4091: '__declspec(dllimport)' : ignored on left of 'General' when no variable is declared
     1>source\General.cpp(17): warning C4244: 'return' : conversion from 'double' to 'float', possible loss of data
     1>source\General.cpp(20): warning C4244: 'return' : conversion from 'double' to 'float', possible loss of data
     1>source\General.cpp(34): warning C4244: 'initializing' : conversion from 'double' to 'int', possible loss of data
     1>source\General.cpp(35): warning C4244: 'initializing' : conversion from 'double' to 'int', possible loss of data
     1>source\General.cpp(38): warning C4244: 'return' : conversion from 'double' to 'float', possible loss of data
     1>source\General.cpp(40): warning C4244: 'return' : conversion from 'double' to 'float', possible loss of data
         Matrix3.cpp
     1>c:\users\quinn.mosher\documents\github\mathlib\mathlib-dll\mathlib-dll\source\Vector2.h(52): warning C4091: '__declspec(dllimport)' : ignored on left of 'Vector2' when no variable is declared
     1>c:\users\quinn.mosher\documents\github\mathlib\mathlib-dll\mathlib-dll\source\Matrix3.h(42): warning C4091: '__declspec(dllimport)' : ignored on left of 'Matrix3' when no variable is declared
     1>source\Matrix3.cpp(179): warning C4273: 'operator ==' : inconsistent dll linkage
                 c:\users\quinn.mosher\documents\github\mathlib\mathlib-dll\mathlib-dll\source\Matrix3.h(44) : see previous definition of '=='
     1>source\Matrix3.cpp(191): warning C4273: 'operator !=' : inconsistent dll linkage
                 c:\users\quinn.mosher\documents\github\mathlib\mathlib-dll\mathlib-dll\source\Matrix3.h(45) : see previous definition of '!='
         Matrix4.cpp
     1>c:\users\quinn.mosher\documents\github\mathlib\mathlib-dll\mathlib-dll\source\Vector3.h(53): warning C4091: '__declspec(dllimport)' : ignored on left of 'Vector3' when no variable is declared
     1>c:\users\quinn.mosher\documents\github\mathlib\mathlib-dll\mathlib-dll\source\Matrix4.h(47): warning C4091: '__declspec(dllimport)' : ignored on left of 'Matrix4' when no variable is declared
     1>source\Matrix4.cpp(249): warning C4273: 'operator ==' : inconsistent dll linkage
                 c:\users\quinn.mosher\documents\github\mathlib\mathlib-dll\mathlib-dll\source\Matrix4.h(49) : see previous definition of '=='
     1>source\Matrix4.cpp(261): warning C4273: 'operator !=' : inconsistent dll linkage
                 c:\users\quinn.mosher\documents\github\mathlib\mathlib-dll\mathlib-dll\source\Matrix4.h(50) : see previous definition of '!='
         Vector2.cpp
     1>c:\users\quinn.mosher\documents\github\mathlib\mathlib-dll\mathlib-dll\source\Vector2.h(52): warning C4091: '__declspec(dllimport)' : ignored on left of 'Vector2' when no variable is declared
     1>source\Vector2.cpp(134): warning C4273: 'operator ==' : inconsistent dll linkage
                 c:\users\quinn.mosher\documents\github\mathlib\mathlib-dll\mathlib-dll\source\Vector2.h(54) : see previous definition of '=='
     1>source\Vector2.cpp(143): warning C4273: 'operator !=' : inconsistent dll linkage
                 c:\users\quinn.mosher\documents\github\mathlib\mathlib-dll\mathlib-dll\source\Vector2.h(55) : see previous definition of '!='
         Vector3.cpp
     1>c:\users\quinn.mosher\documents\github\mathlib\mathlib-dll\mathlib-dll\source\Vector3.h(53): warning C4091: '__declspec(dllimport)' : ignored on left of 'Vector3' when no variable is declared
     1>source\Vector3.cpp(150): warning C4273: 'operator ==' : inconsistent dll linkage
                 c:\users\quinn.mosher\documents\github\mathlib\mathlib-dll\mathlib-dll\source\Vector3.h(55) : see previous definition of '=='
     1>source\Vector3.cpp(162): warning C4273: 'operator !=' : inconsistent dll linkage
                 c:\users\quinn.mosher\documents\github\mathlib\mathlib-dll\mathlib-dll\source\Vector3.h(56) : see previous definition of '!='
         Vector4.cpp
     1>c:\users\quinn.mosher\documents\github\mathlib\mathlib-dll\mathlib-dll\source\Vector4.h(35): warning C4091: '__declspec(dllimport)' : ignored on left of 'Vector4' when no variable is declared
     1>source\Vector4.cpp(71): warning C4273: 'operator ==' : inconsistent dll linkage
                 c:\users\quinn.mosher\documents\github\mathlib\mathlib-dll\mathlib-dll\source\Vector4.h(38) : see previous definition of '=='
     1>source\Vector4.cpp(85): warning C4273: 'operator !=' : inconsistent dll linkage
                 c:\users\quinn.mosher\documents\github\mathlib\mathlib-dll\mathlib-dll\source\Vector4.h(39) : see previous definition of '!='
       Link:
         C:\Program Files (x86)\Microsoft Visual Studio 12.0\VC\bin\link.exe /ERRORREPORT:PROMPT /OUT:"C:\Users\quinn.mosher\Documents\GitHub\mathLib\mathLib-Dll\Release\mathLib-Dll.exe" /NOLOGO kernel32.lib user32.lib gdi32.lib winspool.lib comdlg32.lib advapi32.lib shell32.lib ole32.lib oleaut32.lib uuid.lib odbc32.lib odbccp32.lib /MANIFEST /MANIFESTUAC:"level='asInvoker' uiAccess='false'" /manifest:embed /DEBUG /PDB:"C:\Users\quinn.mosher\Documents\GitHub\mathLib\mathLib-Dll\Release\mathLib-Dll.pdb" /OPT:REF /OPT:ICF /LTCG /TLBID:1 /DYNAMICBASE /NXCOMPAT /IMPLIB:"C:\Users\quinn.mosher\Documents\GitHub\mathLib\mathLib-Dll\Release\mathLib-Dll.lib" /MACHINE:X86 /SAFESEH Release\General.obj
         Release\Matrix3.obj
         Release\Matrix4.obj
         Release\Vector2.obj
         Release\Vector3.obj
         Release\Vector4.obj
            Creating library C:\Users\quinn.mosher\Documents\GitHub\mathLib\mathLib-Dll\Release\mathLib-Dll.lib and object C:\Users\quinn.mosher\Documents\GitHub\mathLib\mathLib-Dll\Release\mathLib-Dll.exp
     1>LINK : fatal error LNK1561: entry point must be defined
     1>Done Building Project "C:\Users\quinn.mosher\Documents\GitHub\mathLib\mathLib-Dll\mathLib-Dll\mathLib-Dll.vcxproj" (Build target(s)) -- FAILED.

Build FAILED.

Time Elapsed 00:00:01.66
