Build started 12/2/2014 9:07:27 AM.
     1>Project "C:\Users\quinn.mosher\Documents\GitHub\mathLib\mathLib-Lib\MathLib-Lib\MathLib-Lib.vcxproj" on node 2 (Build target(s)).
     1>ClCompile:
         C:\Program Files (x86)\Microsoft Visual Studio 12.0\VC\bin\CL.exe /c /Zi /nologo /W3 /WX- /O2 /Oi /Oy- /GL /D WIN32 /D NDEBUG /D _LIB /D _UNICODE /D UNICODE /Gm- /EHsc /MD /GS /Gy /fp:precise /Zc:wchar_t /Zc:forScope /Fo"Release\\" /Fd"Release\vc120.pdb" /Gd /TP /analyze- /errorReport:prompt source\General.cpp source\Matrix3.cpp source\Matrix4.cpp source\Vector2.cpp source\Vector3.cpp source\Vector4.cpp
         General.cpp
     1>source\General.cpp(17): warning C4244: 'return' : conversion from 'double' to 'float', possible loss of data
     1>source\General.cpp(20): warning C4244: 'return' : conversion from 'double' to 'float', possible loss of data
     1>source\General.cpp(34): warning C4244: 'initializing' : conversion from 'double' to 'int', possible loss of data
     1>source\General.cpp(35): warning C4244: 'initializing' : conversion from 'double' to 'int', possible loss of data
     1>source\General.cpp(38): warning C4244: 'return' : conversion from 'double' to 'float', possible loss of data
     1>source\General.cpp(40): warning C4244: 'return' : conversion from 'double' to 'float', possible loss of data
         Matrix3.cpp
         Matrix4.cpp
         Vector2.cpp
         Vector3.cpp
         Vector4.cpp
       Lib:
         C:\Program Files (x86)\Microsoft Visual Studio 12.0\VC\bin\Lib.exe /OUT:"C:\Users\quinn.mosher\Documents\GitHub\mathLib\mathLib-Lib\Release\MathLib-Lib.lib" /NOLOGO /LTCG Release\General.obj
         Release\Matrix3.obj
         Release\Matrix4.obj
         Release\Vector2.obj
         Release\Vector3.obj
         Release\Vector4.obj
         MathLib-Lib.vcxproj -> C:\Users\quinn.mosher\Documents\GitHub\mathLib\mathLib-Lib\Release\MathLib-Lib.lib
     1>Done Building Project "C:\Users\quinn.mosher\Documents\GitHub\mathLib\mathLib-Lib\MathLib-Lib\MathLib-Lib.vcxproj" (Build target(s)).

Build succeeded.

Time Elapsed 00:00:01.74
