Build started 12/2/2014 5:40:22 PM.
     1>Project "C:\Users\quinn.mosher\Documents\GitHub\mathLib\mathLib-Dll\mathLib-Dll\mathLib-Dll.vcxproj" on node 2 (Build target(s)).
     1>ClCompile:
         C:\Program Files (x86)\Microsoft Visual Studio 12.0\VC\bin\CL.exe /c /ZI /nologo /W3 /WX- /sdl /Od /Oy- /D _WINDLL /D _WINDLL /D _MBCS /D DLL /Gm /EHsc /RTC1 /MDd /GS /fp:precise /Zc:wchar_t /Zc:forScope /Fo"Debug\\" /Fd"Debug\vc120.pdb" /Gd /TP /analyze- /errorReport:prompt source\Matrix3.cpp source\Matrix4.cpp source\Vector2.cpp
         Vector2.cpp
     1>c:\users\quinn.mosher\documents\github\mathlib\mathlib-dll\mathlib-dll\source\vector2.h(52): warning C4091: '__declspec(dllexport)' : ignored on left of 'Vector2' when no variable is declared
         Matrix4.cpp
     1>c:\users\quinn.mosher\documents\github\mathlib\mathlib-dll\mathlib-dll\source\vector3.h(53): warning C4091: '__declspec(dllexport)' : ignored on left of 'Vector3' when no variable is declared
     1>c:\users\quinn.mosher\documents\github\mathlib\mathlib-dll\mathlib-dll\source\matrix4.h(47): warning C4091: '__declspec(dllexport)' : ignored on left of 'Matrix4' when no variable is declared
         Matrix3.cpp
     1>c:\users\quinn.mosher\documents\github\mathlib\mathlib-dll\mathlib-dll\source\vector2.h(52): warning C4091: '__declspec(dllexport)' : ignored on left of 'Vector2' when no variable is declared
     1>c:\users\quinn.mosher\documents\github\mathlib\mathlib-dll\mathlib-dll\source\matrix3.h(42): warning C4091: '__declspec(dllexport)' : ignored on left of 'Matrix3' when no variable is declared
         Generating Code...
       Link:
         C:\Program Files (x86)\Microsoft Visual Studio 12.0\VC\bin\link.exe /ERRORREPORT:PROMPT /OUT:"C:\Users\quinn.mosher\Documents\GitHub\mathLib\mathLib-Dll\Debug\mathLib-Dll.dll" /INCREMENTAL /NOLOGO kernel32.lib user32.lib gdi32.lib winspool.lib comdlg32.lib advapi32.lib shell32.lib ole32.lib oleaut32.lib uuid.lib odbc32.lib odbccp32.lib /MANIFEST /MANIFESTUAC:"level='asInvoker' uiAccess='false'" /manifest:embed /DEBUG /PDB:"C:\Users\quinn.mosher\Documents\GitHub\mathLib\mathLib-Dll\Debug\mathLib-Dll.pdb" /TLBID:1 /DYNAMICBASE /NXCOMPAT /IMPLIB:"C:\Users\quinn.mosher\Documents\GitHub\mathLib\mathLib-Dll\Debug\mathLib-Dll.lib" /MACHINE:X86 /DLL Debug\General.obj
         Debug\Matrix3.obj
         Debug\Matrix4.obj
         Debug\Vector2.obj
         Debug\Vector3.obj
         Debug\Vector4.obj
            Creating library C:\Users\quinn.mosher\Documents\GitHub\mathLib\mathLib-Dll\Debug\mathLib-Dll.lib and object C:\Users\quinn.mosher\Documents\GitHub\mathLib\mathLib-Dll\Debug\mathLib-Dll.exp
         mathLib-Dll.vcxproj -> C:\Users\quinn.mosher\Documents\GitHub\mathLib\mathLib-Dll\Debug\mathLib-Dll.dll
     1>Done Building Project "C:\Users\quinn.mosher\Documents\GitHub\mathLib\mathLib-Dll\mathLib-Dll\mathLib-Dll.vcxproj" (Build target(s)).

Build succeeded.

Time Elapsed 00:00:01.21
